2018/09/20 12:44:54 [INFO] Terraform version: 0.11.8  7a5c1d221ac209bbac66947c369815cd9ca70ed5
2018/09/20 12:44:54 [INFO] Go runtime version: go1.10.1
2018/09/20 12:44:54 [INFO] CLI args: []string{"/usr/local/bin/terraform", "apply"}
2018/09/20 12:44:54 [DEBUG] Attempting to open CLI config file: /home/keshav/.terraformrc
2018/09/20 12:44:54 [DEBUG] File doesn't exist, but doesn't need to. Ignoring.
2018/09/20 12:44:54 [INFO] CLI command args: []string{"apply"}
2018/09/20 12:44:54 [INFO] command: empty terraform config, returning nil
2018/09/20 12:44:54 [DEBUG] command: no data state file found for backend config
2018/09/20 12:44:54 [DEBUG] New state was assigned lineage "5d6024ef-638a-9c5b-98bf-5e6d0fb18470"
2018/09/20 12:44:54 [INFO] command: backend initialized: <nil>
2018/09/20 12:44:54 [DEBUG] checking for provider in "."
2018/09/20 12:44:54 [DEBUG] checking for provider in "/usr/local/bin"
2018/09/20 12:44:54 [DEBUG] checking for provider in ".terraform/plugins/linux_amd64"
2018/09/20 12:44:54 [DEBUG] checking for provider in "/home/keshav/.terraform.d/plugins"
2018/09/20 12:44:54 [WARN] found legacy provider "terraform-provider-gocd"
2018/09/20 12:44:54 [DEBUG] checking for provider in "/home/keshav/.terraform.d/plugins/linux_amd64"
2018/09/20 12:44:54 [WARN] found legacy provider "terraform-provider-gocd"
2018/09/20 12:44:54 [DEBUG] found valid plugin: "gocd", "0.0.0", "/home/keshav/.terraform.d/plugins/terraform-provider-gocd"
2018/09/20 12:44:54 [DEBUG] checking for provisioner in "."
2018/09/20 12:44:54 [DEBUG] checking for provisioner in "/usr/local/bin"
2018/09/20 12:44:54 [DEBUG] checking for provisioner in ".terraform/plugins/linux_amd64"
2018/09/20 12:44:54 [DEBUG] checking for provisioner in "/home/keshav/.terraform.d/plugins"
2018/09/20 12:44:54 [DEBUG] checking for provisioner in "/home/keshav/.terraform.d/plugins/linux_amd64"
2018/09/20 12:44:54 [INFO] command: backend <nil> is not enhanced, wrapping in local
2018/09/20 12:44:54 [INFO] backend/local: starting Apply operation
2018/09/20 12:44:54 [TRACE] Preserving existing state lineage "980fb081-035f-180c-9987-b41550cade71"
2018/09/20 12:44:54 [TRACE] Preserving existing state lineage "980fb081-035f-180c-9987-b41550cade71"
2018/09/20 12:44:54 [INFO] terraform: building graph: GraphTypeInput
2018/09/20 12:44:54 [TRACE] ConfigTransformer: Starting for path: []
2018/09/20 12:44:54 [TRACE] Graph after step *terraform.ConfigTransformer:

gocd_pipeline_template.terraform-builder - *terraform.NodeAbstractResource
2018/09/20 12:44:54 [TRACE] Graph after step *terraform.LocalTransformer:

gocd_pipeline_template.terraform-builder - *terraform.NodeAbstractResource
2018/09/20 12:44:54 [TRACE] Graph after step *terraform.OutputTransformer:

gocd_pipeline_template.terraform-builder - *terraform.NodeAbstractResource
2018/09/20 12:44:54 [TRACE] Graph after step *terraform.OrphanResourceTransformer:

gocd_pipeline_template.terraform-builder - *terraform.NodeAbstractResource
2018/09/20 12:44:54 [TRACE] Graph after step *terraform.OrphanOutputTransformer:

gocd_pipeline_template.terraform-builder - *terraform.NodeAbstractResource
2018/09/20 12:44:54 [TRACE] AttachResourceConfigTransformer: Beginning...
2018/09/20 12:44:54 [TRACE] AttachResourceConfigTransformer: Attach resource config request: gocd_pipeline_template.terraform-builder
2018/09/20 12:44:54 [TRACE] Attaching resource config: &config.Resource{Mode:0, Name:"terraform-builder", Type:"gocd_pipeline_template", RawCount:(*config.RawConfig)(0xc420422930), RawConfig:(*config.RawConfig)(0xc4204228c0), Provisioners:[]*config.Provisioner(nil), Provider:"", DependsOn:[]string(nil), Lifecycle:config.ResourceLifecycle{CreateBeforeDestroy:false, PreventDestroy:false, IgnoreChanges:[]string(nil)}}
2018/09/20 12:44:54 [TRACE] Graph after step *terraform.AttachResourceConfigTransformer:

gocd_pipeline_template.terraform-builder - *terraform.NodeAbstractResource
2018/09/20 12:44:54 [DEBUG] Resource state not found for "gocd_pipeline_template.terraform-builder": gocd_pipeline_template.terraform-builder
2018/09/20 12:44:54 [TRACE] Graph after step *terraform.AttachStateTransformer:

gocd_pipeline_template.terraform-builder - *terraform.NodeAbstractResource
2018/09/20 12:44:54 [TRACE] Graph after step *terraform.RootVariableTransformer:

gocd_pipeline_template.terraform-builder - *terraform.NodeAbstractResource
2018/09/20 12:44:54 [TRACE] ProviderConfigTransformer: Starting for path: []
2018/09/20 12:44:54 [TRACE] Attach provider request: []string{} gocd
2018/09/20 12:44:54 [TRACE] Attaching provider config: *config.ProviderConfig{Name:"gocd", Alias:"", Version:"", RawConfig:(*config.RawConfig)(0xc420422850)}
2018/09/20 12:44:54 [TRACE] Graph after step *terraform.ProviderConfigTransformer:

gocd_pipeline_template.terraform-builder - *terraform.NodeAbstractResource
provider.gocd - *terraform.NodeApplyableProvider
2018/09/20 12:44:54 [TRACE] Graph after step *terraform.MissingProviderTransformer:

gocd_pipeline_template.terraform-builder - *terraform.NodeAbstractResource
provider.gocd - *terraform.NodeApplyableProvider
2018/09/20 12:44:54 [DEBUG] resource gocd_pipeline_template.terraform-builder using provider provider.gocd
2018/09/20 12:44:54 [TRACE] Graph after step *terraform.ProviderTransformer:

gocd_pipeline_template.terraform-builder - *terraform.NodeAbstractResource
  provider.gocd - *terraform.NodeApplyableProvider
provider.gocd - *terraform.NodeApplyableProvider
2018/09/20 12:44:54 [TRACE] Graph after step *terraform.PruneProviderTransformer:

gocd_pipeline_template.terraform-builder - *terraform.NodeAbstractResource
  provider.gocd - *terraform.NodeApplyableProvider
provider.gocd - *terraform.NodeApplyableProvider
2018/09/20 12:44:54 [TRACE] Graph after step *terraform.ParentProviderTransformer:

gocd_pipeline_template.terraform-builder - *terraform.NodeAbstractResource
  provider.gocd - *terraform.NodeApplyableProvider
provider.gocd - *terraform.NodeApplyableProvider
2018/09/20 12:44:54 [TRACE] Graph after step *terraform.graphTransformerMulti:

gocd_pipeline_template.terraform-builder - *terraform.NodeAbstractResource
  provider.gocd - *terraform.NodeApplyableProvider
provider.gocd - *terraform.NodeApplyableProvider
2018/09/20 12:44:54 [TRACE] Graph after step *terraform.ModuleVariableTransformer:

gocd_pipeline_template.terraform-builder - *terraform.NodeAbstractResource
  provider.gocd - *terraform.NodeApplyableProvider
provider.gocd - *terraform.NodeApplyableProvider
2018/09/20 12:44:54 [TRACE] Graph after step *terraform.RemovedModuleTransformer:

gocd_pipeline_template.terraform-builder - *terraform.NodeAbstractResource
  provider.gocd - *terraform.NodeApplyableProvider
provider.gocd - *terraform.NodeApplyableProvider
2018/09/20 12:44:54 [DEBUG] ReferenceTransformer: "gocd_pipeline_template.terraform-builder" references: []
2018/09/20 12:44:54 [DEBUG] ReferenceTransformer: "provider.gocd" references: []
2018/09/20 12:44:54 [TRACE] Graph after step *terraform.ReferenceTransformer:

gocd_pipeline_template.terraform-builder - *terraform.NodeAbstractResource
  provider.gocd - *terraform.NodeApplyableProvider
provider.gocd - *terraform.NodeApplyableProvider
2018/09/20 12:44:54 [TRACE] Graph after step *terraform.CountBoundaryTransformer:

gocd_pipeline_template.terraform-builder - *terraform.NodeAbstractResource
  provider.gocd - *terraform.NodeApplyableProvider
meta.count-boundary (count boundary fixup) - *terraform.NodeCountBoundary
  gocd_pipeline_template.terraform-builder - *terraform.NodeAbstractResource
  provider.gocd - *terraform.NodeApplyableProvider
provider.gocd - *terraform.NodeApplyableProvider
2018/09/20 12:44:54 [TRACE] Graph after step *terraform.TargetsTransformer:

gocd_pipeline_template.terraform-builder - *terraform.NodeAbstractResource
  provider.gocd - *terraform.NodeApplyableProvider
meta.count-boundary (count boundary fixup) - *terraform.NodeCountBoundary
  gocd_pipeline_template.terraform-builder - *terraform.NodeAbstractResource
  provider.gocd - *terraform.NodeApplyableProvider
provider.gocd - *terraform.NodeApplyableProvider
2018/09/20 12:44:54 [TRACE] Graph after step *terraform.CloseProviderTransformer:

gocd_pipeline_template.terraform-builder - *terraform.NodeAbstractResource
  provider.gocd - *terraform.NodeApplyableProvider
meta.count-boundary (count boundary fixup) - *terraform.NodeCountBoundary
  gocd_pipeline_template.terraform-builder - *terraform.NodeAbstractResource
  provider.gocd - *terraform.NodeApplyableProvider
provider.gocd - *terraform.NodeApplyableProvider
provider.gocd (close) - *terraform.graphNodeCloseProvider
  gocd_pipeline_template.terraform-builder - *terraform.NodeAbstractResource
  provider.gocd - *terraform.NodeApplyableProvider
2018/09/20 12:44:54 [TRACE] Graph after step *terraform.CloseProvisionerTransformer:

gocd_pipeline_template.terraform-builder - *terraform.NodeAbstractResource
  provider.gocd - *terraform.NodeApplyableProvider
meta.count-boundary (count boundary fixup) - *terraform.NodeCountBoundary
  gocd_pipeline_template.terraform-builder - *terraform.NodeAbstractResource
  provider.gocd - *terraform.NodeApplyableProvider
provider.gocd - *terraform.NodeApplyableProvider
provider.gocd (close) - *terraform.graphNodeCloseProvider
  gocd_pipeline_template.terraform-builder - *terraform.NodeAbstractResource
  provider.gocd - *terraform.NodeApplyableProvider
2018/09/20 12:44:54 [TRACE] Graph after step *terraform.RootTransformer:

gocd_pipeline_template.terraform-builder - *terraform.NodeAbstractResource
  provider.gocd - *terraform.NodeApplyableProvider
meta.count-boundary (count boundary fixup) - *terraform.NodeCountBoundary
  gocd_pipeline_template.terraform-builder - *terraform.NodeAbstractResource
  provider.gocd - *terraform.NodeApplyableProvider
provider.gocd - *terraform.NodeApplyableProvider
provider.gocd (close) - *terraform.graphNodeCloseProvider
  gocd_pipeline_template.terraform-builder - *terraform.NodeAbstractResource
  provider.gocd - *terraform.NodeApplyableProvider
root - terraform.graphNodeRoot
  meta.count-boundary (count boundary fixup) - *terraform.NodeCountBoundary
  provider.gocd (close) - *terraform.graphNodeCloseProvider
2018/09/20 12:44:54 [TRACE] Graph after step *terraform.TransitiveReductionTransformer:

gocd_pipeline_template.terraform-builder - *terraform.NodeAbstractResource
  provider.gocd - *terraform.NodeApplyableProvider
meta.count-boundary (count boundary fixup) - *terraform.NodeCountBoundary
  gocd_pipeline_template.terraform-builder - *terraform.NodeAbstractResource
provider.gocd - *terraform.NodeApplyableProvider
provider.gocd (close) - *terraform.graphNodeCloseProvider
  gocd_pipeline_template.terraform-builder - *terraform.NodeAbstractResource
root - terraform.graphNodeRoot
  meta.count-boundary (count boundary fixup) - *terraform.NodeCountBoundary
  provider.gocd (close) - *terraform.graphNodeCloseProvider
2018/09/20 12:44:54 [DEBUG] Starting graph walk: walkInput
2018/09/20 12:44:54 [TRACE] dag/walk: added new vertex: "meta.count-boundary (count boundary fixup)"
2018/09/20 12:44:54 [TRACE] dag/walk: added new vertex: "provider.gocd (close)"
2018/09/20 12:44:54 [TRACE] dag/walk: added new vertex: "root"
2018/09/20 12:44:54 [TRACE] dag/walk: added new vertex: "gocd_pipeline_template.terraform-builder"
2018/09/20 12:44:54 [TRACE] dag/walk: added new vertex: "provider.gocd"
2018/09/20 12:44:54 [TRACE] dag/walk: added edge: "provider.gocd (close)" waiting on "gocd_pipeline_template.terraform-builder"
2018/09/20 12:44:54 [TRACE] dag/walk: added edge: "root" waiting on "meta.count-boundary (count boundary fixup)"
2018/09/20 12:44:54 [TRACE] dag/walk: added edge: "root" waiting on "provider.gocd (close)"
2018/09/20 12:44:54 [TRACE] dag/walk: added edge: "gocd_pipeline_template.terraform-builder" waiting on "provider.gocd"
2018/09/20 12:44:54 [TRACE] dag/walk: added edge: "meta.count-boundary (count boundary fixup)" waiting on "gocd_pipeline_template.terraform-builder"
2018/09/20 12:44:54 [TRACE] dag/walk: dependencies changed for "provider.gocd (close)", sending new deps
2018/09/20 12:44:54 [TRACE] dag/walk: dependencies changed for "root", sending new deps
2018/09/20 12:44:54 [TRACE] dag/walk: dependencies changed for "gocd_pipeline_template.terraform-builder", sending new deps
2018/09/20 12:44:54 [TRACE] dag/walk: dependencies changed for "meta.count-boundary (count boundary fixup)", sending new deps
2018/09/20 12:44:54 [TRACE] dag/walk: walking "provider.gocd"
2018/09/20 12:44:54 [TRACE] vertex 'root.provider.gocd': walking
2018/09/20 12:44:54 [TRACE] vertex 'root.provider.gocd': evaluating
2018/09/20 12:44:54 [TRACE] [walkInput] Entering eval tree: provider.gocd
2018/09/20 12:44:54 [TRACE] root: eval: *terraform.EvalSequence
2018/09/20 12:44:54 [TRACE] root: eval: *terraform.EvalInitProvider
2018-09-20T12:44:54.339+0530 [DEBUG] plugin: starting plugin: path=/home/keshav/.terraform.d/plugins/terraform-provider-gocd args=[/home/keshav/.terraform.d/plugins/terraform-provider-gocd]
2018-09-20T12:44:54.340+0530 [DEBUG] plugin: waiting for RPC address: path=/home/keshav/.terraform.d/plugins/terraform-provider-gocd
2018-09-20T12:44:54.350+0530 [DEBUG] plugin.terraform-provider-gocd: plugin address: timestamp=2018-09-20T12:44:54.350+0530 address=/tmp/plugin238880749 network=unix
2018/09/20 12:44:54 [TRACE] root: eval: *terraform.EvalOpFilter
2018/09/20 12:44:54 [TRACE] root: eval: *terraform.EvalSequence
2018/09/20 12:44:54 [TRACE] root: eval: *terraform.EvalGetProvider
2018/09/20 12:44:54 [TRACE] root: eval: *terraform.EvalInterpolateProvider
2018/09/20 12:44:54 [TRACE] root: eval: *terraform.EvalBuildProviderConfig
2018/09/20 12:44:54 [TRACE] root: eval: *terraform.EvalInputProvider
2018/09/20 12:44:54 [DEBUG] command: asking for input: "provider.gocd.baseurl"
2018/09/20 12:44:56 [TRACE] root: eval: terraform.EvalNoop
2018/09/20 12:44:56 [TRACE] root: eval: terraform.EvalNoop
2018/09/20 12:44:56 [TRACE] root: eval: terraform.EvalNoop
2018/09/20 12:44:56 [TRACE] [walkInput] Exiting eval tree: provider.gocd
2018/09/20 12:44:56 [TRACE] dag/walk: walking "gocd_pipeline_template.terraform-builder"
2018/09/20 12:44:56 [TRACE] vertex 'root.gocd_pipeline_template.terraform-builder': walking
2018/09/20 12:44:56 [TRACE] dag/walk: walking "provider.gocd (close)"
2018/09/20 12:44:56 [TRACE] dag/walk: walking "meta.count-boundary (count boundary fixup)"
2018/09/20 12:44:56 [TRACE] vertex 'root.meta.count-boundary (count boundary fixup)': walking
2018/09/20 12:44:56 [TRACE] vertex 'root.meta.count-boundary (count boundary fixup)': evaluating
2018/09/20 12:44:56 [TRACE] [walkInput] Entering eval tree: meta.count-boundary (count boundary fixup)
2018/09/20 12:44:56 [TRACE] root: eval: *terraform.EvalCountFixZeroOneBoundaryGlobal
2018/09/20 12:44:56 [TRACE] [walkInput] Exiting eval tree: meta.count-boundary (count boundary fixup)
2018/09/20 12:44:56 [TRACE] vertex 'root.provider.gocd (close)': walking
2018/09/20 12:44:56 [TRACE] vertex 'root.provider.gocd (close)': evaluating
2018/09/20 12:44:56 [TRACE] [walkInput] Entering eval tree: provider.gocd (close)
2018/09/20 12:44:56 [TRACE] root: eval: *terraform.EvalCloseProvider
2018/09/20 12:44:56 [TRACE] [walkInput] Exiting eval tree: provider.gocd (close)
2018/09/20 12:44:56 [TRACE] dag/walk: walking "root"
2018/09/20 12:44:56 [TRACE] vertex 'root.root': walking
2018/09/20 12:44:56 [INFO] terraform: building graph: GraphTypeValidate
2018/09/20 12:44:56 [TRACE] ConfigTransformer: Starting for path: []
2018/09/20 12:44:56 [TRACE] Graph after step *terraform.ConfigTransformer:

gocd_pipeline_template.terraform-builder - *terraform.NodeValidatableResource
2018/09/20 12:44:56 [TRACE] Graph after step *terraform.LocalTransformer:

gocd_pipeline_template.terraform-builder - *terraform.NodeValidatableResource
2018/09/20 12:44:56 [TRACE] Graph after step *terraform.OutputTransformer:

gocd_pipeline_template.terraform-builder - *terraform.NodeValidatableResource
2018/09/20 12:44:56 [TRACE] Graph after step *terraform.OrphanResourceTransformer:

gocd_pipeline_template.terraform-builder - *terraform.NodeValidatableResource
2018/09/20 12:44:56 [TRACE] Graph after step *terraform.OrphanOutputTransformer:

gocd_pipeline_template.terraform-builder - *terraform.NodeValidatableResource
2018/09/20 12:44:56 [TRACE] AttachResourceConfigTransformer: Beginning...
2018/09/20 12:44:56 [TRACE] AttachResourceConfigTransformer: Attach resource config request: gocd_pipeline_template.terraform-builder
2018/09/20 12:44:56 [TRACE] Attaching resource config: &config.Resource{Mode:0, Name:"terraform-builder", Type:"gocd_pipeline_template", RawCount:(*config.RawConfig)(0xc420422930), RawConfig:(*config.RawConfig)(0xc4204228c0), Provisioners:[]*config.Provisioner(nil), Provider:"", DependsOn:[]string(nil), Lifecycle:config.ResourceLifecycle{CreateBeforeDestroy:false, PreventDestroy:false, IgnoreChanges:[]string(nil)}}
2018/09/20 12:44:56 [TRACE] Graph after step *terraform.AttachResourceConfigTransformer:

gocd_pipeline_template.terraform-builder - *terraform.NodeValidatableResource
2018/09/20 12:44:56 [DEBUG] Resource state not found for "gocd_pipeline_template.terraform-builder": gocd_pipeline_template.terraform-builder
2018/09/20 12:44:56 [TRACE] Graph after step *terraform.AttachStateTransformer:

gocd_pipeline_template.terraform-builder - *terraform.NodeValidatableResource
2018/09/20 12:44:56 [TRACE] Graph after step *terraform.RootVariableTransformer:

gocd_pipeline_template.terraform-builder - *terraform.NodeValidatableResource
2018/09/20 12:44:56 [TRACE] ProviderConfigTransformer: Starting for path: []
2018/09/20 12:44:56 [TRACE] Attach provider request: []string{} gocd
2018/09/20 12:44:56 [TRACE] Attaching provider config: *config.ProviderConfig{Name:"gocd", Alias:"", Version:"", RawConfig:(*config.RawConfig)(0xc420422850)}
2018/09/20 12:44:56 [TRACE] Graph after step *terraform.ProviderConfigTransformer:

gocd_pipeline_template.terraform-builder - *terraform.NodeValidatableResource
provider.gocd - *terraform.NodeApplyableProvider
2018/09/20 12:44:56 [TRACE] Graph after step *terraform.MissingProviderTransformer:

gocd_pipeline_template.terraform-builder - *terraform.NodeValidatableResource
provider.gocd - *terraform.NodeApplyableProvider
2018/09/20 12:44:56 [DEBUG] resource gocd_pipeline_template.terraform-builder using provider provider.gocd
2018/09/20 12:44:56 [TRACE] Graph after step *terraform.ProviderTransformer:

gocd_pipeline_template.terraform-builder - *terraform.NodeValidatableResource
  provider.gocd - *terraform.NodeApplyableProvider
provider.gocd - *terraform.NodeApplyableProvider
2018/09/20 12:44:56 [TRACE] Graph after step *terraform.PruneProviderTransformer:

gocd_pipeline_template.terraform-builder - *terraform.NodeValidatableResource
  provider.gocd - *terraform.NodeApplyableProvider
provider.gocd - *terraform.NodeApplyableProvider
2018/09/20 12:44:56 [TRACE] Graph after step *terraform.ParentProviderTransformer:

gocd_pipeline_template.terraform-builder - *terraform.NodeValidatableResource
  provider.gocd - *terraform.NodeApplyableProvider
provider.gocd - *terraform.NodeApplyableProvider
2018/09/20 12:44:56 [TRACE] Graph after step *terraform.graphTransformerMulti:

gocd_pipeline_template.terraform-builder - *terraform.NodeValidatableResource
  provider.gocd - *terraform.NodeApplyableProvider
provider.gocd - *terraform.NodeApplyableProvider
2018/09/20 12:44:56 [TRACE] Graph after step *terraform.MissingProvisionerTransformer:

gocd_pipeline_template.terraform-builder - *terraform.NodeValidatableResource
  provider.gocd - *terraform.NodeApplyableProvider
provider.gocd - *terraform.NodeApplyableProvider
2018/09/20 12:44:56 [TRACE] Graph after step *terraform.ProvisionerTransformer:

gocd_pipeline_template.terraform-builder - *terraform.NodeValidatableResource
  provider.gocd - *terraform.NodeApplyableProvider
provider.gocd - *terraform.NodeApplyableProvider
2018/09/20 12:44:56 [TRACE] Graph after step *terraform.graphTransformerMulti:

gocd_pipeline_template.terraform-builder - *terraform.NodeValidatableResource
  provider.gocd - *terraform.NodeApplyableProvider
provider.gocd - *terraform.NodeApplyableProvider
2018/09/20 12:44:56 [TRACE] Graph after step *terraform.ModuleVariableTransformer:

gocd_pipeline_template.terraform-builder - *terraform.NodeValidatableResource
  provider.gocd - *terraform.NodeApplyableProvider
provider.gocd - *terraform.NodeApplyableProvider
2018/09/20 12:44:56 [TRACE] Graph after step *terraform.RemovedModuleTransformer:

gocd_pipeline_template.terraform-builder - *terraform.NodeValidatableResource
  provider.gocd - *terraform.NodeApplyableProvider
provider.gocd - *terraform.NodeApplyableProvider
2018/09/20 12:44:56 [DEBUG] ReferenceTransformer: "gocd_pipeline_template.terraform-builder" references: []
2018/09/20 12:44:56 [DEBUG] ReferenceTransformer: "provider.gocd" references: []
2018/09/20 12:44:56 [TRACE] Graph after step *terraform.ReferenceTransformer:

gocd_pipeline_template.terraform-builder - *terraform.NodeValidatableResource
  provider.gocd - *terraform.NodeApplyableProvider
provider.gocd - *terraform.NodeApplyableProvider
2018/09/20 12:44:56 [TRACE] Graph after step *terraform.CountBoundaryTransformer:

gocd_pipeline_template.terraform-builder - *terraform.NodeValidatableResource
  provider.gocd - *terraform.NodeApplyableProvider
meta.count-boundary (count boundary fixup) - *terraform.NodeCountBoundary
  gocd_pipeline_template.terraform-builder - *terraform.NodeValidatableResource
  provider.gocd - *terraform.NodeApplyableProvider
provider.gocd - *terraform.NodeApplyableProvider
2018/09/20 12:44:56 [TRACE] Graph after step *terraform.TargetsTransformer:

gocd_pipeline_template.terraform-builder - *terraform.NodeValidatableResource
  provider.gocd - *terraform.NodeApplyableProvider
meta.count-boundary (count boundary fixup) - *terraform.NodeCountBoundary
  gocd_pipeline_template.terraform-builder - *terraform.NodeValidatableResource
  provider.gocd - *terraform.NodeApplyableProvider
provider.gocd - *terraform.NodeApplyableProvider
2018/09/20 12:44:56 [TRACE] Graph after step *terraform.CloseProviderTransformer:

gocd_pipeline_template.terraform-builder - *terraform.NodeValidatableResource
  provider.gocd - *terraform.NodeApplyableProvider
meta.count-boundary (count boundary fixup) - *terraform.NodeCountBoundary
  gocd_pipeline_template.terraform-builder - *terraform.NodeValidatableResource
  provider.gocd - *terraform.NodeApplyableProvider
provider.gocd - *terraform.NodeApplyableProvider
provider.gocd (close) - *terraform.graphNodeCloseProvider
  gocd_pipeline_template.terraform-builder - *terraform.NodeValidatableResource
  provider.gocd - *terraform.NodeApplyableProvider
2018/09/20 12:44:56 [TRACE] Graph after step *terraform.CloseProvisionerTransformer:

gocd_pipeline_template.terraform-builder - *terraform.NodeValidatableResource
  provider.gocd - *terraform.NodeApplyableProvider
meta.count-boundary (count boundary fixup) - *terraform.NodeCountBoundary
  gocd_pipeline_template.terraform-builder - *terraform.NodeValidatableResource
  provider.gocd - *terraform.NodeApplyableProvider
provider.gocd - *terraform.NodeApplyableProvider
provider.gocd (close) - *terraform.graphNodeCloseProvider
  gocd_pipeline_template.terraform-builder - *terraform.NodeValidatableResource
  provider.gocd - *terraform.NodeApplyableProvider
2018/09/20 12:44:56 [TRACE] Graph after step *terraform.RootTransformer:

gocd_pipeline_template.terraform-builder - *terraform.NodeValidatableResource
  provider.gocd - *terraform.NodeApplyableProvider
meta.count-boundary (count boundary fixup) - *terraform.NodeCountBoundary
  gocd_pipeline_template.terraform-builder - *terraform.NodeValidatableResource
  provider.gocd - *terraform.NodeApplyableProvider
provider.gocd - *terraform.NodeApplyableProvider
provider.gocd (close) - *terraform.graphNodeCloseProvider
  gocd_pipeline_template.terraform-builder - *terraform.NodeValidatableResource
  provider.gocd - *terraform.NodeApplyableProvider
root - terraform.graphNodeRoot
  meta.count-boundary (count boundary fixup) - *terraform.NodeCountBoundary
  provider.gocd (close) - *terraform.graphNodeCloseProvider
2018/09/20 12:44:56 [TRACE] Graph after step *terraform.TransitiveReductionTransformer:

gocd_pipeline_template.terraform-builder - *terraform.NodeValidatableResource
  provider.gocd - *terraform.NodeApplyableProvider
meta.count-boundary (count boundary fixup) - *terraform.NodeCountBoundary
  gocd_pipeline_template.terraform-builder - *terraform.NodeValidatableResource
provider.gocd - *terraform.NodeApplyableProvider
provider.gocd (close) - *terraform.graphNodeCloseProvider
  gocd_pipeline_template.terraform-builder - *terraform.NodeValidatableResource
root - terraform.graphNodeRoot
  meta.count-boundary (count boundary fixup) - *terraform.NodeCountBoundary
  provider.gocd (close) - *terraform.graphNodeCloseProvider
2018/09/20 12:44:56 [DEBUG] Starting graph walk: walkValidate
2018/09/20 12:44:56 [TRACE] dag/walk: added new vertex: "provider.gocd (close)"
2018/09/20 12:44:56 [TRACE] dag/walk: added new vertex: "root"
2018/09/20 12:44:56 [TRACE] dag/walk: added new vertex: "gocd_pipeline_template.terraform-builder"
2018/09/20 12:44:56 [TRACE] dag/walk: added new vertex: "provider.gocd"
2018/09/20 12:44:56 [TRACE] dag/walk: added new vertex: "meta.count-boundary (count boundary fixup)"
2018/09/20 12:44:56 [TRACE] dag/walk: added edge: "provider.gocd (close)" waiting on "gocd_pipeline_template.terraform-builder"
2018/09/20 12:44:56 [TRACE] dag/walk: added edge: "root" waiting on "meta.count-boundary (count boundary fixup)"
2018/09/20 12:44:56 [TRACE] dag/walk: added edge: "root" waiting on "provider.gocd (close)"
2018/09/20 12:44:56 [TRACE] dag/walk: added edge: "gocd_pipeline_template.terraform-builder" waiting on "provider.gocd"
2018/09/20 12:44:56 [TRACE] dag/walk: added edge: "meta.count-boundary (count boundary fixup)" waiting on "gocd_pipeline_template.terraform-builder"
2018/09/20 12:44:56 [TRACE] dag/walk: dependencies changed for "meta.count-boundary (count boundary fixup)", sending new deps
2018/09/20 12:44:56 [TRACE] dag/walk: dependencies changed for "provider.gocd (close)", sending new deps
2018/09/20 12:44:56 [TRACE] dag/walk: dependencies changed for "root", sending new deps
2018/09/20 12:44:56 [TRACE] dag/walk: dependencies changed for "gocd_pipeline_template.terraform-builder", sending new deps
2018/09/20 12:44:56 [TRACE] dag/walk: walking "provider.gocd"
2018/09/20 12:44:56 [TRACE] vertex 'root.provider.gocd': walking
2018/09/20 12:44:56 [TRACE] vertex 'root.provider.gocd': evaluating
2018/09/20 12:44:56 [TRACE] [walkValidate] Entering eval tree: provider.gocd
2018/09/20 12:44:56 [TRACE] root: eval: *terraform.EvalSequence
2018/09/20 12:44:56 [TRACE] root: eval: *terraform.EvalInitProvider
2018/09/20 12:44:56 [TRACE] root: eval: terraform.EvalNoop
2018/09/20 12:44:56 [TRACE] root: eval: *terraform.EvalOpFilter
2018/09/20 12:44:56 [TRACE] root: eval: *terraform.EvalSequence
2018/09/20 12:44:56 [TRACE] root: eval: *terraform.EvalGetProvider
2018/09/20 12:44:56 [TRACE] root: eval: *terraform.EvalInterpolateProvider
2018/09/20 12:44:56 [TRACE] root: eval: *terraform.EvalBuildProviderConfig
2018/09/20 12:44:56 [TRACE] root: eval: *terraform.EvalValidateProvider
2018/09/20 12:44:56 [TRACE] root: eval: terraform.EvalNoop
2018/09/20 12:44:56 [TRACE] root: eval: terraform.EvalNoop
2018/09/20 12:44:56 [TRACE] [walkValidate] Exiting eval tree: provider.gocd
2018/09/20 12:44:56 [TRACE] dag/walk: walking "gocd_pipeline_template.terraform-builder"
2018/09/20 12:44:56 [TRACE] vertex 'root.gocd_pipeline_template.terraform-builder': walking
2018/09/20 12:44:56 [TRACE] vertex 'root.gocd_pipeline_template.terraform-builder': evaluating
2018/09/20 12:44:56 [TRACE] [walkValidate] Entering eval tree: gocd_pipeline_template.terraform-builder
2018/09/20 12:44:56 [TRACE] root: eval: *terraform.EvalSequence
2018/09/20 12:44:56 [TRACE] root: eval: *terraform.EvalInterpolate
2018/09/20 12:44:56 [TRACE] root: eval: *terraform.EvalIf
2018/09/20 12:44:56 [TRACE] root: eval: *terraform.EvalValidateCount
2018/09/20 12:44:56 [TRACE] root: eval: *terraform.EvalCountFixZeroOneBoundary
2018/09/20 12:44:56 [TRACE] [walkValidate] Exiting eval tree: gocd_pipeline_template.terraform-builder
2018/09/20 12:44:56 [TRACE] vertex 'root.gocd_pipeline_template.terraform-builder': expanding/walking dynamic subgraph
2018/09/20 12:44:56 [TRACE] Graph after step *terraform.ResourceCountTransformer:

gocd_pipeline_template.terraform-builder - *terraform.NodeValidatableResourceInstance
2018/09/20 12:44:56 [DEBUG] Resource state not found for "gocd_pipeline_template.terraform-builder": gocd_pipeline_template.terraform-builder
2018/09/20 12:44:56 [TRACE] Graph after step *terraform.AttachStateTransformer:

gocd_pipeline_template.terraform-builder - *terraform.NodeValidatableResourceInstance
2018/09/20 12:44:56 [TRACE] Graph after step *terraform.TargetsTransformer:

gocd_pipeline_template.terraform-builder - *terraform.NodeValidatableResourceInstance
2018/09/20 12:44:56 [DEBUG] ReferenceTransformer: "gocd_pipeline_template.terraform-builder" references: []
2018/09/20 12:44:56 [TRACE] Graph after step *terraform.ReferenceTransformer:

gocd_pipeline_template.terraform-builder - *terraform.NodeValidatableResourceInstance
2018/09/20 12:44:56 [TRACE] Graph after step *terraform.RootTransformer:

gocd_pipeline_template.terraform-builder - *terraform.NodeValidatableResourceInstance
2018/09/20 12:44:56 [TRACE] dag/walk: added new vertex: "gocd_pipeline_template.terraform-builder"
2018/09/20 12:44:56 [TRACE] dag/walk: walking "gocd_pipeline_template.terraform-builder"
2018/09/20 12:44:56 [TRACE] vertex 'root.gocd_pipeline_template.terraform-builder': walking
2018/09/20 12:44:56 [TRACE] vertex 'root.gocd_pipeline_template.terraform-builder': evaluating
2018/09/20 12:44:56 [TRACE] [walkValidate] Entering eval tree: gocd_pipeline_template.terraform-builder
2018/09/20 12:44:56 [TRACE] root: eval: *terraform.EvalSequence
2018/09/20 12:44:56 [TRACE] root: eval: *terraform.EvalValidateResourceSelfRef
2018/09/20 12:44:56 [TRACE] root: eval: *terraform.EvalGetProvider
2018/09/20 12:44:56 [TRACE] root: eval: *terraform.EvalInterpolate
2018/09/20 12:44:56 [TRACE] root: eval: *terraform.EvalValidateResource
2018/09/20 12:44:56 [TRACE] [walkValidate] Exiting eval tree: gocd_pipeline_template.terraform-builder
2018/09/20 12:44:56 [TRACE] dag/walk: walking "meta.count-boundary (count boundary fixup)"
2018/09/20 12:44:56 [TRACE] vertex 'root.meta.count-boundary (count boundary fixup)': walking
2018/09/20 12:44:56 [TRACE] dag/walk: walking "provider.gocd (close)"
2018/09/20 12:44:56 [TRACE] vertex 'root.meta.count-boundary (count boundary fixup)': evaluating
2018/09/20 12:44:56 [TRACE] [walkValidate] Entering eval tree: meta.count-boundary (count boundary fixup)
2018/09/20 12:44:56 [TRACE] root: eval: *terraform.EvalCountFixZeroOneBoundaryGlobal
2018/09/20 12:44:56 [TRACE] [walkValidate] Exiting eval tree: meta.count-boundary (count boundary fixup)
2018/09/20 12:44:56 [TRACE] vertex 'root.provider.gocd (close)': walking
2018/09/20 12:44:56 [TRACE] vertex 'root.provider.gocd (close)': evaluating
2018/09/20 12:44:56 [TRACE] [walkValidate] Entering eval tree: provider.gocd (close)
2018/09/20 12:44:56 [TRACE] root: eval: *terraform.EvalCloseProvider
2018/09/20 12:44:56 [TRACE] [walkValidate] Exiting eval tree: provider.gocd (close)
2018/09/20 12:44:56 [TRACE] dag/walk: walking "root"
2018/09/20 12:44:56 [TRACE] vertex 'root.root': walking
2018/09/20 12:44:56 [INFO] backend/local: apply calling Refresh
2018/09/20 12:44:56 [INFO] terraform: building graph: GraphTypeRefresh
2018/09/20 12:44:56 [TRACE] No managed resources in state during refresh, skipping managed resource transformer
2018/09/20 12:44:56 [TRACE] ConfigTransformer: Starting for path: []
2018/09/20 12:44:56 [TRACE] Graph after step *terraform.ConfigTransformer:

2018/09/20 12:44:56 [TRACE] Graph after step *terraform.OrphanResourceTransformer:

2018/09/20 12:44:56 [TRACE] Graph after step *terraform.AttachStateTransformer:

2018/09/20 12:44:56 [TRACE] AttachResourceConfigTransformer: Beginning...
2018/09/20 12:44:56 [TRACE] Graph after step *terraform.AttachResourceConfigTransformer:

2018/09/20 12:44:56 [TRACE] Graph after step *terraform.RootVariableTransformer:

2018/09/20 12:44:56 [TRACE] ProviderConfigTransformer: Starting for path: []
2018/09/20 12:44:56 [TRACE] Attach provider request: []string{} gocd
2018/09/20 12:44:56 [TRACE] Attaching provider config: *config.ProviderConfig{Name:"gocd", Alias:"", Version:"", RawConfig:(*config.RawConfig)(0xc420422850)}
2018/09/20 12:44:56 [TRACE] Graph after step *terraform.ProviderConfigTransformer:

provider.gocd - *terraform.NodeApplyableProvider
2018/09/20 12:44:56 [TRACE] Graph after step *terraform.MissingProviderTransformer:

provider.gocd - *terraform.NodeApplyableProvider
2018/09/20 12:44:56 [TRACE] Graph after step *terraform.ProviderTransformer:

provider.gocd - *terraform.NodeApplyableProvider
2018/09/20 12:44:56 [DEBUG] pruning unused provider provider.gocd
2018/09/20 12:44:56 [TRACE] Graph after step *terraform.PruneProviderTransformer:

2018/09/20 12:44:56 [TRACE] Graph after step *terraform.ParentProviderTransformer:

2018/09/20 12:44:56 [TRACE] Graph after step *terraform.graphTransformerMulti:

2018/09/20 12:44:56 [TRACE] Graph after step *terraform.LocalTransformer:

2018/09/20 12:44:56 [TRACE] Graph after step *terraform.OutputTransformer:

2018/09/20 12:44:56 [TRACE] Graph after step *terraform.ModuleVariableTransformer:

2018/09/20 12:44:56 [TRACE] Graph after step *terraform.ReferenceTransformer:

2018/09/20 12:44:56 [TRACE] Graph after step *terraform.TargetsTransformer:

2018/09/20 12:44:56 [TRACE] Graph after step *terraform.CloseProviderTransformer:

2018/09/20 12:44:56 [TRACE] Graph after step *terraform.RootTransformer:

root - terraform.graphNodeRoot
2018/09/20 12:44:56 [TRACE] Graph after step *terraform.TransitiveReductionTransformer:

root - terraform.graphNodeRoot
2018/09/20 12:44:56 [DEBUG] Starting graph walk: walkRefresh
2018/09/20 12:44:56 [TRACE] dag/walk: added new vertex: "root"
2018/09/20 12:44:56 [TRACE] dag/walk: walking "root"
2018/09/20 12:44:56 [TRACE] vertex 'root.root': walking
2018/09/20 12:44:56 [INFO] backend/local: apply calling Plan
2018/09/20 12:44:56 [INFO] terraform: building graph: GraphTypePlan
2018/09/20 12:44:56 [TRACE] ConfigTransformer: Starting for path: []
2018/09/20 12:44:56 [TRACE] Graph after step *terraform.ConfigTransformer:

gocd_pipeline_template.terraform-builder - *terraform.NodePlannableResource
2018/09/20 12:44:56 [TRACE] Graph after step *terraform.LocalTransformer:

gocd_pipeline_template.terraform-builder - *terraform.NodePlannableResource
2018/09/20 12:44:56 [TRACE] Graph after step *terraform.OutputTransformer:

gocd_pipeline_template.terraform-builder - *terraform.NodePlannableResource
2018/09/20 12:44:56 [TRACE] Graph after step *terraform.OrphanResourceTransformer:

gocd_pipeline_template.terraform-builder - *terraform.NodePlannableResource
2018/09/20 12:44:56 [TRACE] Graph after step *terraform.OrphanOutputTransformer:

gocd_pipeline_template.terraform-builder - *terraform.NodePlannableResource
2018/09/20 12:44:56 [TRACE] AttachResourceConfigTransformer: Beginning...
2018/09/20 12:44:56 [TRACE] AttachResourceConfigTransformer: Attach resource config request: gocd_pipeline_template.terraform-builder
2018/09/20 12:44:56 [TRACE] Attaching resource config: &config.Resource{Mode:0, Name:"terraform-builder", Type:"gocd_pipeline_template", RawCount:(*config.RawConfig)(0xc420422930), RawConfig:(*config.RawConfig)(0xc4204228c0), Provisioners:[]*config.Provisioner(nil), Provider:"", DependsOn:[]string(nil), Lifecycle:config.ResourceLifecycle{CreateBeforeDestroy:false, PreventDestroy:false, IgnoreChanges:[]string(nil)}}
2018/09/20 12:44:56 [TRACE] Graph after step *terraform.AttachResourceConfigTransformer:

gocd_pipeline_template.terraform-builder - *terraform.NodePlannableResource
2018/09/20 12:44:56 [DEBUG] Resource state not found for "gocd_pipeline_template.terraform-builder": gocd_pipeline_template.terraform-builder
2018/09/20 12:44:56 [TRACE] Graph after step *terraform.AttachStateTransformer:

gocd_pipeline_template.terraform-builder - *terraform.NodePlannableResource
2018/09/20 12:44:56 [TRACE] Graph after step *terraform.RootVariableTransformer:

gocd_pipeline_template.terraform-builder - *terraform.NodePlannableResource
2018/09/20 12:44:56 [TRACE] ProviderConfigTransformer: Starting for path: []
2018/09/20 12:44:56 [TRACE] Attach provider request: []string{} gocd
2018/09/20 12:44:56 [TRACE] Attaching provider config: *config.ProviderConfig{Name:"gocd", Alias:"", Version:"", RawConfig:(*config.RawConfig)(0xc420422850)}
2018/09/20 12:44:56 [TRACE] Graph after step *terraform.ProviderConfigTransformer:

gocd_pipeline_template.terraform-builder - *terraform.NodePlannableResource
provider.gocd - *terraform.NodeApplyableProvider
2018/09/20 12:44:56 [TRACE] Graph after step *terraform.MissingProviderTransformer:

gocd_pipeline_template.terraform-builder - *terraform.NodePlannableResource
provider.gocd - *terraform.NodeApplyableProvider
2018/09/20 12:44:56 [DEBUG] resource gocd_pipeline_template.terraform-builder using provider provider.gocd
2018/09/20 12:44:56 [TRACE] Graph after step *terraform.ProviderTransformer:

gocd_pipeline_template.terraform-builder - *terraform.NodePlannableResource
  provider.gocd - *terraform.NodeApplyableProvider
provider.gocd - *terraform.NodeApplyableProvider
2018/09/20 12:44:56 [TRACE] Graph after step *terraform.PruneProviderTransformer:

gocd_pipeline_template.terraform-builder - *terraform.NodePlannableResource
  provider.gocd - *terraform.NodeApplyableProvider
provider.gocd - *terraform.NodeApplyableProvider
2018/09/20 12:44:56 [TRACE] Graph after step *terraform.ParentProviderTransformer:

gocd_pipeline_template.terraform-builder - *terraform.NodePlannableResource
  provider.gocd - *terraform.NodeApplyableProvider
provider.gocd - *terraform.NodeApplyableProvider
2018/09/20 12:44:56 [TRACE] Graph after step *terraform.graphTransformerMulti:

gocd_pipeline_template.terraform-builder - *terraform.NodePlannableResource
  provider.gocd - *terraform.NodeApplyableProvider
provider.gocd - *terraform.NodeApplyableProvider
2018/09/20 12:44:56 [TRACE] Graph after step *terraform.ModuleVariableTransformer:

gocd_pipeline_template.terraform-builder - *terraform.NodePlannableResource
  provider.gocd - *terraform.NodeApplyableProvider
provider.gocd - *terraform.NodeApplyableProvider
2018/09/20 12:44:56 [TRACE] Graph after step *terraform.RemovedModuleTransformer:

gocd_pipeline_template.terraform-builder - *terraform.NodePlannableResource
  provider.gocd - *terraform.NodeApplyableProvider
provider.gocd - *terraform.NodeApplyableProvider
2018/09/20 12:44:56 [DEBUG] ReferenceTransformer: "gocd_pipeline_template.terraform-builder" references: []
2018/09/20 12:44:56 [DEBUG] ReferenceTransformer: "provider.gocd" references: []
2018/09/20 12:44:56 [TRACE] Graph after step *terraform.ReferenceTransformer:

gocd_pipeline_template.terraform-builder - *terraform.NodePlannableResource
  provider.gocd - *terraform.NodeApplyableProvider
provider.gocd - *terraform.NodeApplyableProvider
2018/09/20 12:44:56 [TRACE] Graph after step *terraform.CountBoundaryTransformer:

gocd_pipeline_template.terraform-builder - *terraform.NodePlannableResource
  provider.gocd - *terraform.NodeApplyableProvider
meta.count-boundary (count boundary fixup) - *terraform.NodeCountBoundary
  gocd_pipeline_template.terraform-builder - *terraform.NodePlannableResource
  provider.gocd - *terraform.NodeApplyableProvider
provider.gocd - *terraform.NodeApplyableProvider
2018/09/20 12:44:56 [TRACE] Graph after step *terraform.TargetsTransformer:

gocd_pipeline_template.terraform-builder - *terraform.NodePlannableResource
  provider.gocd - *terraform.NodeApplyableProvider
meta.count-boundary (count boundary fixup) - *terraform.NodeCountBoundary
  gocd_pipeline_template.terraform-builder - *terraform.NodePlannableResource
  provider.gocd - *terraform.NodeApplyableProvider
provider.gocd - *terraform.NodeApplyableProvider
2018/09/20 12:44:56 [TRACE] Graph after step *terraform.CloseProviderTransformer:

gocd_pipeline_template.terraform-builder - *terraform.NodePlannableResource
  provider.gocd - *terraform.NodeApplyableProvider
meta.count-boundary (count boundary fixup) - *terraform.NodeCountBoundary
  gocd_pipeline_template.terraform-builder - *terraform.NodePlannableResource
  provider.gocd - *terraform.NodeApplyableProvider
provider.gocd - *terraform.NodeApplyableProvider
provider.gocd (close) - *terraform.graphNodeCloseProvider
  gocd_pipeline_template.terraform-builder - *terraform.NodePlannableResource
  provider.gocd - *terraform.NodeApplyableProvider
2018/09/20 12:44:56 [TRACE] Graph after step *terraform.CloseProvisionerTransformer:

gocd_pipeline_template.terraform-builder - *terraform.NodePlannableResource
  provider.gocd - *terraform.NodeApplyableProvider
meta.count-boundary (count boundary fixup) - *terraform.NodeCountBoundary
  gocd_pipeline_template.terraform-builder - *terraform.NodePlannableResource
  provider.gocd - *terraform.NodeApplyableProvider
provider.gocd - *terraform.NodeApplyableProvider
provider.gocd (close) - *terraform.graphNodeCloseProvider
  gocd_pipeline_template.terraform-builder - *terraform.NodePlannableResource
  provider.gocd - *terraform.NodeApplyableProvider
2018/09/20 12:44:56 [TRACE] Graph after step *terraform.RootTransformer:

gocd_pipeline_template.terraform-builder - *terraform.NodePlannableResource
  provider.gocd - *terraform.NodeApplyableProvider
meta.count-boundary (count boundary fixup) - *terraform.NodeCountBoundary
  gocd_pipeline_template.terraform-builder - *terraform.NodePlannableResource
  provider.gocd - *terraform.NodeApplyableProvider
provider.gocd - *terraform.NodeApplyableProvider
provider.gocd (close) - *terraform.graphNodeCloseProvider
  gocd_pipeline_template.terraform-builder - *terraform.NodePlannableResource
  provider.gocd - *terraform.NodeApplyableProvider
root - terraform.graphNodeRoot
  meta.count-boundary (count boundary fixup) - *terraform.NodeCountBoundary
  provider.gocd (close) - *terraform.graphNodeCloseProvider
2018/09/20 12:44:56 [TRACE] Graph after step *terraform.TransitiveReductionTransformer:

gocd_pipeline_template.terraform-builder - *terraform.NodePlannableResource
  provider.gocd - *terraform.NodeApplyableProvider
meta.count-boundary (count boundary fixup) - *terraform.NodeCountBoundary
  gocd_pipeline_template.terraform-builder - *terraform.NodePlannableResource
provider.gocd - *terraform.NodeApplyableProvider
provider.gocd (close) - *terraform.graphNodeCloseProvider
  gocd_pipeline_template.terraform-builder - *terraform.NodePlannableResource
root - terraform.graphNodeRoot
  meta.count-boundary (count boundary fixup) - *terraform.NodeCountBoundary
  provider.gocd (close) - *terraform.graphNodeCloseProvider
2018/09/20 12:44:56 [DEBUG] Starting graph walk: walkPlan
2018/09/20 12:44:56 [TRACE] dag/walk: added new vertex: "provider.gocd"
2018/09/20 12:44:56 [TRACE] dag/walk: added new vertex: "meta.count-boundary (count boundary fixup)"
2018/09/20 12:44:56 [TRACE] dag/walk: added new vertex: "provider.gocd (close)"
2018/09/20 12:44:56 [TRACE] dag/walk: added new vertex: "root"
2018/09/20 12:44:56 [TRACE] dag/walk: added new vertex: "gocd_pipeline_template.terraform-builder"
2018/09/20 12:44:56 [TRACE] dag/walk: added edge: "gocd_pipeline_template.terraform-builder" waiting on "provider.gocd"
2018/09/20 12:44:56 [TRACE] dag/walk: added edge: "meta.count-boundary (count boundary fixup)" waiting on "gocd_pipeline_template.terraform-builder"
2018/09/20 12:44:56 [TRACE] dag/walk: added edge: "provider.gocd (close)" waiting on "gocd_pipeline_template.terraform-builder"
2018/09/20 12:44:56 [TRACE] dag/walk: added edge: "root" waiting on "meta.count-boundary (count boundary fixup)"
2018/09/20 12:44:56 [TRACE] dag/walk: added edge: "root" waiting on "provider.gocd (close)"
2018/09/20 12:44:56 [TRACE] dag/walk: dependencies changed for "gocd_pipeline_template.terraform-builder", sending new deps
2018/09/20 12:44:56 [TRACE] dag/walk: dependencies changed for "meta.count-boundary (count boundary fixup)", sending new deps
2018/09/20 12:44:56 [TRACE] dag/walk: dependencies changed for "provider.gocd (close)", sending new deps
2018/09/20 12:44:56 [TRACE] dag/walk: dependencies changed for "root", sending new deps
2018/09/20 12:44:56 [TRACE] dag/walk: walking "provider.gocd"
2018/09/20 12:44:56 [TRACE] vertex 'root.provider.gocd': walking
2018/09/20 12:44:56 [TRACE] vertex 'root.provider.gocd': evaluating
2018/09/20 12:44:56 [TRACE] [walkPlan] Entering eval tree: provider.gocd
2018/09/20 12:44:56 [TRACE] root: eval: *terraform.EvalSequence
2018/09/20 12:44:56 [TRACE] root: eval: *terraform.EvalInitProvider
2018/09/20 12:44:56 [TRACE] root: eval: terraform.EvalNoop
2018/09/20 12:44:56 [TRACE] root: eval: terraform.EvalNoop
2018/09/20 12:44:56 [TRACE] root: eval: *terraform.EvalOpFilter
2018/09/20 12:44:56 [TRACE] root: eval: *terraform.EvalSequence
2018/09/20 12:44:56 [TRACE] root: eval: *terraform.EvalGetProvider
2018/09/20 12:44:56 [TRACE] root: eval: *terraform.EvalInterpolateProvider
2018/09/20 12:44:56 [TRACE] root: eval: *terraform.EvalBuildProviderConfig
2018/09/20 12:44:56 [TRACE] root: eval: *terraform.EvalOpFilter
2018/09/20 12:44:56 [TRACE] root: eval: *terraform.EvalSequence
2018/09/20 12:44:56 [TRACE] root: eval: *terraform.EvalConfigProvider
2018-09-20T12:44:56.681+0530 [DEBUG] plugin.terraform-provider-gocd: 2018/09/20 12:44:56 [DEBUG] Using GoCD config 'baseurl':  http://127.0.0.1:8153/
2018-09-20T12:44:56.681+0530 [DEBUG] plugin.terraform-provider-gocd: 2018/09/20 12:44:56 [DEBUG] Using GoCD config 'username':
2018-09-20T12:44:56.681+0530 [DEBUG] plugin.terraform-provider-gocd: 2018/09/20 12:44:56 [DEBUG] Using GoCD config 'password':
2018-09-20T12:44:56.681+0530 [DEBUG] plugin.terraform-provider-gocd: 2018/09/20 12:44:56 [DEBUG] Using GoCD config 'skip_ssl_check': false
2018/09/20 12:44:56 [TRACE] [walkPlan] Exiting eval tree: provider.gocd
2018/09/20 12:44:56 [TRACE] dag/walk: walking "gocd_pipeline_template.terraform-builder"
2018/09/20 12:44:56 [TRACE] vertex 'root.gocd_pipeline_template.terraform-builder': walking
2018/09/20 12:44:56 [TRACE] vertex 'root.gocd_pipeline_template.terraform-builder': evaluating
2018/09/20 12:44:56 [TRACE] [walkPlan] Entering eval tree: gocd_pipeline_template.terraform-builder
2018/09/20 12:44:56 [TRACE] root: eval: *terraform.EvalSequence
2018/09/20 12:44:56 [TRACE] root: eval: *terraform.EvalInterpolate
2018/09/20 12:44:56 [TRACE] root: eval: *terraform.EvalCountCheckComputed
2018/09/20 12:44:56 [TRACE] root: eval: *terraform.EvalIf
2018/09/20 12:44:56 [TRACE] root: eval: *terraform.EvalCountFixZeroOneBoundary
2018/09/20 12:44:56 [TRACE] [walkPlan] Exiting eval tree: gocd_pipeline_template.terraform-builder
2018/09/20 12:44:56 [TRACE] vertex 'root.gocd_pipeline_template.terraform-builder': expanding/walking dynamic subgraph
2018/09/20 12:44:56 [TRACE] Graph after step *terraform.ResourceCountTransformer:

gocd_pipeline_template.terraform-builder - *terraform.NodePlannableResourceInstance
2018/09/20 12:44:56 [TRACE] OrphanResourceCount: Starting...
2018/09/20 12:44:56 [TRACE] Graph after step *terraform.OrphanResourceCountTransformer:

gocd_pipeline_template.terraform-builder - *terraform.NodePlannableResourceInstance
2018/09/20 12:44:56 [DEBUG] Resource state not found for "gocd_pipeline_template.terraform-builder": gocd_pipeline_template.terraform-builder
2018/09/20 12:44:56 [TRACE] Graph after step *terraform.AttachStateTransformer:

gocd_pipeline_template.terraform-builder - *terraform.NodePlannableResourceInstance
2018/09/20 12:44:56 [TRACE] Graph after step *terraform.TargetsTransformer:

gocd_pipeline_template.terraform-builder - *terraform.NodePlannableResourceInstance
2018/09/20 12:44:56 [DEBUG] ReferenceTransformer: "gocd_pipeline_template.terraform-builder" references: []
2018/09/20 12:44:56 [TRACE] Graph after step *terraform.ReferenceTransformer:

gocd_pipeline_template.terraform-builder - *terraform.NodePlannableResourceInstance
2018/09/20 12:44:56 [TRACE] Graph after step *terraform.RootTransformer:

gocd_pipeline_template.terraform-builder - *terraform.NodePlannableResourceInstance
2018/09/20 12:44:56 [TRACE] dag/walk: added new vertex: "gocd_pipeline_template.terraform-builder"
2018/09/20 12:44:56 [TRACE] dag/walk: walking "gocd_pipeline_template.terraform-builder"
2018/09/20 12:44:56 [TRACE] vertex 'root.gocd_pipeline_template.terraform-builder': walking
2018/09/20 12:44:56 [TRACE] vertex 'root.gocd_pipeline_template.terraform-builder': evaluating
2018/09/20 12:44:56 [TRACE] [walkPlan] Entering eval tree: gocd_pipeline_template.terraform-builder
2018/09/20 12:44:56 [TRACE] root: eval: *terraform.EvalSequence
2018/09/20 12:44:56 [TRACE] root: eval: *terraform.EvalInterpolate
2018/09/20 12:44:56 [TRACE] root: eval: *terraform.EvalGetProvider
2018/09/20 12:44:56 [TRACE] root: eval: *terraform.EvalValidateResource
2018/09/20 12:44:56 [TRACE] root: eval: *terraform.EvalReadState
2018/09/20 12:44:56 [TRACE] root: eval: *terraform.EvalDiff
2018/09/20 12:44:56 [TRACE] root: eval: *terraform.EvalCheckPreventDestroy
2018/09/20 12:44:56 [TRACE] root: eval: *terraform.EvalWriteState
2018/09/20 12:44:56 [TRACE] root: eval: *terraform.EvalWriteDiff
2018/09/20 12:44:56 [TRACE] [walkPlan] Exiting eval tree: gocd_pipeline_template.terraform-builder
2018/09/20 12:44:56 [TRACE] dag/walk: walking "provider.gocd (close)"
2018/09/20 12:44:56 [TRACE] vertex 'root.provider.gocd (close)': walking
2018/09/20 12:44:56 [TRACE] dag/walk: walking "meta.count-boundary (count boundary fixup)"
2018/09/20 12:44:56 [TRACE] vertex 'root.meta.count-boundary (count boundary fixup)': walking
2018/09/20 12:44:56 [TRACE] vertex 'root.meta.count-boundary (count boundary fixup)': evaluating
2018/09/20 12:44:56 [TRACE] [walkPlan] Entering eval tree: meta.count-boundary (count boundary fixup)
2018/09/20 12:44:56 [TRACE] root: eval: *terraform.EvalCountFixZeroOneBoundaryGlobal
2018/09/20 12:44:56 [TRACE] [walkPlan] Exiting eval tree: meta.count-boundary (count boundary fixup)
2018/09/20 12:44:56 [TRACE] vertex 'root.provider.gocd (close)': evaluating
2018/09/20 12:44:56 [TRACE] [walkPlan] Entering eval tree: provider.gocd (close)
2018/09/20 12:44:56 [TRACE] root: eval: *terraform.EvalCloseProvider
2018/09/20 12:44:56 [TRACE] [walkPlan] Exiting eval tree: provider.gocd (close)
2018/09/20 12:44:56 [TRACE] dag/walk: walking "root"
2018/09/20 12:44:56 [TRACE] vertex 'root.root': walking
2018/09/20 12:44:56 [DEBUG] command: asking for input: "Do you want to perform these actions?"
2018/09/20 12:44:58 [INFO] terraform: building graph: GraphTypeApply
2018/09/20 12:44:58 [TRACE] DiffTransformer: starting
2018/09/20 12:44:58 [TRACE] DiffTransformer: Module: CREATE: gocd_pipeline_template.terraform-builder
  name:    "" => "terraform-build-template" (forces new resource)
  version: "" => "<computed>"
2018/09/20 12:44:58 [TRACE] DiffTransformer: Resource "gocd_pipeline_template.terraform-builder": *terraform.InstanceDiff{mu:sync.Mutex{state:0, sema:0x0}, Attributes:map[string]*terraform.ResourceAttrDiff{"name":*terraform.ResourceAttrDiff{Old:"", New:"terraform-build-template", NewComputed:false, NewRemoved:false, NewExtra:interface {}(nil), RequiresNew:true, Sensitive:false, Type:0x0}, "version":*terraform.ResourceAttrDiff{Old:"", New:"", NewComputed:true, NewRemoved:false, NewExtra:interface {}(nil), RequiresNew:false, Sensitive:false, Type:0x0}, "id":*terraform.ResourceAttrDiff{Old:"", New:"", NewComputed:true, NewRemoved:false, NewExtra:interface {}(nil), RequiresNew:true, Sensitive:false, Type:0x2}}, Destroy:false, DestroyDeposed:false, DestroyTainted:false, Meta:map[string]interface {}(nil)}
2018/09/20 12:44:58 [TRACE] Graph after step *terraform.DiffTransformer:

gocd_pipeline_template.terraform-builder - *terraform.NodeApplyableResource
2018/09/20 12:44:58 [TRACE] Graph after step *terraform.OrphanOutputTransformer:

gocd_pipeline_template.terraform-builder - *terraform.NodeApplyableResource
2018/09/20 12:44:58 [TRACE] AttachResourceConfigTransformer: Beginning...
2018/09/20 12:44:58 [TRACE] AttachResourceConfigTransformer: Attach resource config request: gocd_pipeline_template.terraform-builder
2018/09/20 12:44:58 [TRACE] Attaching resource config: &config.Resource{Mode:0, Name:"terraform-builder", Type:"gocd_pipeline_template", RawCount:(*config.RawConfig)(0xc420422930), RawConfig:(*config.RawConfig)(0xc4204228c0), Provisioners:[]*config.Provisioner(nil), Provider:"", DependsOn:[]string(nil), Lifecycle:config.ResourceLifecycle{CreateBeforeDestroy:false, PreventDestroy:false, IgnoreChanges:[]string(nil)}}
2018/09/20 12:44:58 [TRACE] Graph after step *terraform.AttachResourceConfigTransformer:

gocd_pipeline_template.terraform-builder - *terraform.NodeApplyableResource
2018/09/20 12:44:58 [DEBUG] Resource state not found for "gocd_pipeline_template.terraform-builder": gocd_pipeline_template.terraform-builder
2018/09/20 12:44:58 [TRACE] Graph after step *terraform.AttachStateTransformer:

gocd_pipeline_template.terraform-builder - *terraform.NodeApplyableResource
2018/09/20 12:44:58 [TRACE] ProviderConfigTransformer: Starting for path: []
2018/09/20 12:44:58 [TRACE] Attach provider request: []string{} gocd
2018/09/20 12:44:58 [TRACE] Attaching provider config: *config.ProviderConfig{Name:"gocd", Alias:"", Version:"", RawConfig:(*config.RawConfig)(0xc420422850)}
2018/09/20 12:44:58 [TRACE] Graph after step *terraform.ProviderConfigTransformer:

gocd_pipeline_template.terraform-builder - *terraform.NodeApplyableResource
provider.gocd - *terraform.NodeApplyableProvider
2018/09/20 12:44:58 [TRACE] Graph after step *terraform.MissingProviderTransformer:

gocd_pipeline_template.terraform-builder - *terraform.NodeApplyableResource
provider.gocd - *terraform.NodeApplyableProvider
2018/09/20 12:44:58 [DEBUG] resource gocd_pipeline_template.terraform-builder using provider provider.gocd
2018/09/20 12:44:58 [TRACE] Graph after step *terraform.ProviderTransformer:

gocd_pipeline_template.terraform-builder - *terraform.NodeApplyableResource
  provider.gocd - *terraform.NodeApplyableProvider
provider.gocd - *terraform.NodeApplyableProvider
2018/09/20 12:44:58 [TRACE] Graph after step *terraform.PruneProviderTransformer:

gocd_pipeline_template.terraform-builder - *terraform.NodeApplyableResource
  provider.gocd - *terraform.NodeApplyableProvider
provider.gocd - *terraform.NodeApplyableProvider
2018/09/20 12:44:58 [TRACE] Graph after step *terraform.ParentProviderTransformer:

gocd_pipeline_template.terraform-builder - *terraform.NodeApplyableResource
  provider.gocd - *terraform.NodeApplyableProvider
provider.gocd - *terraform.NodeApplyableProvider
2018/09/20 12:44:58 [TRACE] Graph after step *terraform.graphTransformerMulti:

gocd_pipeline_template.terraform-builder - *terraform.NodeApplyableResource
  provider.gocd - *terraform.NodeApplyableProvider
provider.gocd - *terraform.NodeApplyableProvider
2018/09/20 12:44:58 [TRACE] DestroyEdgeTransformer: Beginning destroy edge transformation...
2018/09/20 12:44:58 [TRACE] Graph after step *terraform.DestroyEdgeTransformer:

gocd_pipeline_template.terraform-builder - *terraform.NodeApplyableResource
  provider.gocd - *terraform.NodeApplyableProvider
provider.gocd - *terraform.NodeApplyableProvider
2018/09/20 12:44:58 [TRACE] CBDEdgeTransformer: Beginning CBD transformation...
2018/09/20 12:44:58 [TRACE] Graph after step *terraform.CBDEdgeTransformer:

gocd_pipeline_template.terraform-builder - *terraform.NodeApplyableResource
  provider.gocd - *terraform.NodeApplyableProvider
provider.gocd - *terraform.NodeApplyableProvider
2018/09/20 12:44:58 [TRACE] Graph after step *terraform.MissingProvisionerTransformer:

gocd_pipeline_template.terraform-builder - *terraform.NodeApplyableResource
  provider.gocd - *terraform.NodeApplyableProvider
provider.gocd - *terraform.NodeApplyableProvider
2018/09/20 12:44:58 [TRACE] Graph after step *terraform.ProvisionerTransformer:

gocd_pipeline_template.terraform-builder - *terraform.NodeApplyableResource
  provider.gocd - *terraform.NodeApplyableProvider
provider.gocd - *terraform.NodeApplyableProvider
2018/09/20 12:44:58 [TRACE] Graph after step *terraform.RootVariableTransformer:

gocd_pipeline_template.terraform-builder - *terraform.NodeApplyableResource
  provider.gocd - *terraform.NodeApplyableProvider
provider.gocd - *terraform.NodeApplyableProvider
2018/09/20 12:44:58 [TRACE] Graph after step *terraform.LocalTransformer:

gocd_pipeline_template.terraform-builder - *terraform.NodeApplyableResource
  provider.gocd - *terraform.NodeApplyableProvider
provider.gocd - *terraform.NodeApplyableProvider
2018/09/20 12:44:58 [TRACE] Graph after step *terraform.OutputTransformer:

gocd_pipeline_template.terraform-builder - *terraform.NodeApplyableResource
  provider.gocd - *terraform.NodeApplyableProvider
provider.gocd - *terraform.NodeApplyableProvider
2018/09/20 12:44:58 [TRACE] Graph after step *terraform.ModuleVariableTransformer:

gocd_pipeline_template.terraform-builder - *terraform.NodeApplyableResource
  provider.gocd - *terraform.NodeApplyableProvider
provider.gocd - *terraform.NodeApplyableProvider
2018/09/20 12:44:58 [TRACE] Graph after step *terraform.RemovedModuleTransformer:

gocd_pipeline_template.terraform-builder - *terraform.NodeApplyableResource
  provider.gocd - *terraform.NodeApplyableProvider
provider.gocd - *terraform.NodeApplyableProvider
2018/09/20 12:44:58 [DEBUG] ReferenceTransformer: "gocd_pipeline_template.terraform-builder" references: []
2018/09/20 12:44:58 [DEBUG] ReferenceTransformer: "provider.gocd" references: []
2018/09/20 12:44:58 [TRACE] Graph after step *terraform.ReferenceTransformer:

gocd_pipeline_template.terraform-builder - *terraform.NodeApplyableResource
  provider.gocd - *terraform.NodeApplyableProvider
provider.gocd - *terraform.NodeApplyableProvider
2018/09/20 12:44:58 [TRACE] Graph after step *terraform.CountBoundaryTransformer:

gocd_pipeline_template.terraform-builder - *terraform.NodeApplyableResource
  provider.gocd - *terraform.NodeApplyableProvider
meta.count-boundary (count boundary fixup) - *terraform.NodeCountBoundary
  gocd_pipeline_template.terraform-builder - *terraform.NodeApplyableResource
  provider.gocd - *terraform.NodeApplyableProvider
provider.gocd - *terraform.NodeApplyableProvider
2018/09/20 12:44:58 [TRACE] Graph after step *terraform.TargetsTransformer:

gocd_pipeline_template.terraform-builder - *terraform.NodeApplyableResource
  provider.gocd - *terraform.NodeApplyableProvider
meta.count-boundary (count boundary fixup) - *terraform.NodeCountBoundary
  gocd_pipeline_template.terraform-builder - *terraform.NodeApplyableResource
  provider.gocd - *terraform.NodeApplyableProvider
provider.gocd - *terraform.NodeApplyableProvider
2018/09/20 12:44:58 [TRACE] Graph after step *terraform.CloseProviderTransformer:

gocd_pipeline_template.terraform-builder - *terraform.NodeApplyableResource
  provider.gocd - *terraform.NodeApplyableProvider
meta.count-boundary (count boundary fixup) - *terraform.NodeCountBoundary
  gocd_pipeline_template.terraform-builder - *terraform.NodeApplyableResource
  provider.gocd - *terraform.NodeApplyableProvider
provider.gocd - *terraform.NodeApplyableProvider
provider.gocd (close) - *terraform.graphNodeCloseProvider
  gocd_pipeline_template.terraform-builder - *terraform.NodeApplyableResource
  provider.gocd - *terraform.NodeApplyableProvider
2018/09/20 12:44:58 [TRACE] Graph after step *terraform.CloseProvisionerTransformer:

gocd_pipeline_template.terraform-builder - *terraform.NodeApplyableResource
  provider.gocd - *terraform.NodeApplyableProvider
meta.count-boundary (count boundary fixup) - *terraform.NodeCountBoundary
  gocd_pipeline_template.terraform-builder - *terraform.NodeApplyableResource
  provider.gocd - *terraform.NodeApplyableProvider
provider.gocd - *terraform.NodeApplyableProvider
provider.gocd (close) - *terraform.graphNodeCloseProvider
  gocd_pipeline_template.terraform-builder - *terraform.NodeApplyableResource
  provider.gocd - *terraform.NodeApplyableProvider
2018/09/20 12:44:58 [TRACE] Graph after step *terraform.RootTransformer:

gocd_pipeline_template.terraform-builder - *terraform.NodeApplyableResource
  provider.gocd - *terraform.NodeApplyableProvider
meta.count-boundary (count boundary fixup) - *terraform.NodeCountBoundary
  gocd_pipeline_template.terraform-builder - *terraform.NodeApplyableResource
  provider.gocd - *terraform.NodeApplyableProvider
provider.gocd - *terraform.NodeApplyableProvider
provider.gocd (close) - *terraform.graphNodeCloseProvider
  gocd_pipeline_template.terraform-builder - *terraform.NodeApplyableResource
  provider.gocd - *terraform.NodeApplyableProvider
root - terraform.graphNodeRoot
  meta.count-boundary (count boundary fixup) - *terraform.NodeCountBoundary
  provider.gocd (close) - *terraform.graphNodeCloseProvider
2018/09/20 12:44:58 [TRACE] Graph after step *terraform.TransitiveReductionTransformer:

gocd_pipeline_template.terraform-builder - *terraform.NodeApplyableResource
  provider.gocd - *terraform.NodeApplyableProvider
meta.count-boundary (count boundary fixup) - *terraform.NodeCountBoundary
  gocd_pipeline_template.terraform-builder - *terraform.NodeApplyableResource
provider.gocd - *terraform.NodeApplyableProvider
provider.gocd (close) - *terraform.graphNodeCloseProvider
  gocd_pipeline_template.terraform-builder - *terraform.NodeApplyableResource
root - terraform.graphNodeRoot
  meta.count-boundary (count boundary fixup) - *terraform.NodeCountBoundary
  provider.gocd (close) - *terraform.graphNodeCloseProvider
2018/09/20 12:44:58 [DEBUG] Starting graph walk: walkApply
2018/09/20 12:44:58 [TRACE] dag/walk: added new vertex: "gocd_pipeline_template.terraform-builder"
2018/09/20 12:44:58 [TRACE] dag/walk: added new vertex: "provider.gocd"
2018/09/20 12:44:58 [TRACE] dag/walk: added new vertex: "meta.count-boundary (count boundary fixup)"
2018/09/20 12:44:58 [TRACE] dag/walk: added new vertex: "provider.gocd (close)"
2018/09/20 12:44:58 [TRACE] dag/walk: added new vertex: "root"
2018/09/20 12:44:58 [TRACE] dag/walk: added edge: "root" waiting on "meta.count-boundary (count boundary fixup)"
2018/09/20 12:44:58 [TRACE] dag/walk: added edge: "root" waiting on "provider.gocd (close)"
2018/09/20 12:44:58 [TRACE] dag/walk: added edge: "gocd_pipeline_template.terraform-builder" waiting on "provider.gocd"
2018/09/20 12:44:58 [TRACE] dag/walk: added edge: "meta.count-boundary (count boundary fixup)" waiting on "gocd_pipeline_template.terraform-builder"
2018/09/20 12:44:58 [TRACE] dag/walk: added edge: "provider.gocd (close)" waiting on "gocd_pipeline_template.terraform-builder"
2018/09/20 12:44:58 [TRACE] dag/walk: dependencies changed for "root", sending new deps
2018/09/20 12:44:58 [TRACE] dag/walk: dependencies changed for "gocd_pipeline_template.terraform-builder", sending new deps
2018/09/20 12:44:58 [TRACE] dag/walk: dependencies changed for "meta.count-boundary (count boundary fixup)", sending new deps
2018/09/20 12:44:58 [TRACE] dag/walk: dependencies changed for "provider.gocd (close)", sending new deps
2018/09/20 12:44:58 [TRACE] dag/walk: walking "provider.gocd"
2018/09/20 12:44:58 [TRACE] vertex 'root.provider.gocd': walking
2018/09/20 12:44:58 [TRACE] vertex 'root.provider.gocd': evaluating
2018/09/20 12:44:58 [TRACE] [walkApply] Entering eval tree: provider.gocd
2018/09/20 12:44:58 [TRACE] root: eval: *terraform.EvalSequence
2018/09/20 12:44:58 [TRACE] root: eval: *terraform.EvalInitProvider
2018/09/20 12:44:58 [TRACE] root: eval: terraform.EvalNoop
2018/09/20 12:44:58 [TRACE] root: eval: terraform.EvalNoop
2018/09/20 12:44:58 [TRACE] root: eval: *terraform.EvalOpFilter
2018/09/20 12:44:58 [TRACE] root: eval: *terraform.EvalSequence
2018/09/20 12:44:58 [TRACE] root: eval: *terraform.EvalGetProvider
2018/09/20 12:44:58 [TRACE] root: eval: *terraform.EvalInterpolateProvider
2018/09/20 12:44:58 [TRACE] root: eval: *terraform.EvalBuildProviderConfig
2018/09/20 12:44:58 [TRACE] root: eval: *terraform.EvalOpFilter
2018/09/20 12:44:58 [TRACE] root: eval: *terraform.EvalSequence
2018/09/20 12:44:58 [TRACE] root: eval: *terraform.EvalConfigProvider
2018-09-20T12:44:58.401+0530 [DEBUG] plugin.terraform-provider-gocd: 2018/09/20 12:44:58 [DEBUG] Using GoCD config 'baseurl':  http://127.0.0.1:8153/
2018-09-20T12:44:58.401+0530 [DEBUG] plugin.terraform-provider-gocd: 2018/09/20 12:44:58 [DEBUG] Using GoCD config 'username':
2018-09-20T12:44:58.401+0530 [DEBUG] plugin.terraform-provider-gocd: 2018/09/20 12:44:58 [DEBUG] Using GoCD config 'password':
2018-09-20T12:44:58.401+0530 [DEBUG] plugin.terraform-provider-gocd: 2018/09/20 12:44:58 [DEBUG] Using GoCD config 'skip_ssl_check': false
2018/09/20 12:44:58 [TRACE] [walkApply] Exiting eval tree: provider.gocd
2018/09/20 12:44:58 [TRACE] dag/walk: walking "gocd_pipeline_template.terraform-builder"
2018/09/20 12:44:58 [TRACE] vertex 'root.gocd_pipeline_template.terraform-builder': walking
2018/09/20 12:44:58 [TRACE] vertex 'root.gocd_pipeline_template.terraform-builder': evaluating
2018/09/20 12:44:58 [TRACE] [walkApply] Entering eval tree: gocd_pipeline_template.terraform-builder
2018/09/20 12:44:58 [TRACE] root: eval: *terraform.EvalSequence
2018/09/20 12:44:58 [TRACE] root: eval: *terraform.EvalInstanceInfo
2018/09/20 12:44:58 [TRACE] root: eval: *terraform.EvalReadDiff
2018/09/20 12:44:58 [TRACE] root: eval: *terraform.EvalIf
2018/09/20 12:44:58 [TRACE] root: eval: terraform.EvalNoop
2018/09/20 12:44:58 [TRACE] root: eval: *terraform.EvalIf
2018/09/20 12:44:58 [TRACE] root: eval: *terraform.EvalInterpolate
2018/09/20 12:44:58 [TRACE] root: eval: *terraform.EvalInterpolate
2018/09/20 12:44:58 [TRACE] root: eval: *terraform.EvalGetProvider
2018/09/20 12:44:58 [TRACE] root: eval: *terraform.EvalReadState
2018/09/20 12:44:58 [TRACE] root: eval: *terraform.EvalValidateResource
2018/09/20 12:44:58 [TRACE] root: eval: *terraform.EvalDiff
2018/09/20 12:44:58 [TRACE] root: eval: *terraform.EvalReadDiff
2018/09/20 12:44:58 [TRACE] root: eval: *terraform.EvalCompareDiff
2018/09/20 12:44:58 [TRACE] root: eval: *terraform.EvalGetProvider
2018/09/20 12:44:58 [TRACE] root: eval: *terraform.EvalReadState
2018/09/20 12:44:58 [TRACE] root: eval: *terraform.EvalApplyPre
2018/09/20 12:44:58 [TRACE] root: eval: *terraform.EvalApply
2018/09/20 12:44:58 [DEBUG] apply: gocd_pipeline_template.terraform-builder: executing Apply
2018-09-20T12:44:58.405+0530 [DEBUG] plugin.terraform-provider-gocd: panic: runtime error: invalid memory address or nil pointer dereference
2018-09-20T12:44:58.405+0530 [DEBUG] plugin.terraform-provider-gocd: [signal SIGSEGV: segmentation violation code=0x1 addr=0x8 pc=0x68de07]
2018-09-20T12:44:58.405+0530 [DEBUG] plugin.terraform-provider-gocd: 
2018-09-20T12:44:58.405+0530 [DEBUG] plugin.terraform-provider-gocd: goroutine 33 [running]:
2018-09-20T12:44:58.405+0530 [DEBUG] plugin.terraform-provider-gocd: net/url.(*URL).ResolveReference(0x0, 0xc00032ee00, 0xc00032ee00)
2018-09-20T12:44:58.405+0530 [DEBUG] plugin.terraform-provider-gocd: 	/usr/local/go/src/net/url/url.go:976 +0x77
2018-09-20T12:44:58.405+0530 [DEBUG] plugin.terraform-provider-gocd: github.com/beamly/go-gocd/gocd.(*Client).NewRequest(0xc00046d680, 0xe259d8, 0x4, 0xe2f543, 0xf, 0xda01a0, 0xc000456780, 0xe3cb3c, 0x1d, 0xc000436480, ...)
2018-09-20T12:44:58.405+0530 [DEBUG] plugin.terraform-provider-gocd: 	/home/keshav/go/src/github.com/beamly/go-gocd/gocd/gocd.go:217 +0x123
2018-09-20T12:44:58.405+0530 [DEBUG] plugin.terraform-provider-gocd: github.com/beamly/go-gocd/gocd.(*Client).httpAction(0xc00046d680, 0xf94e60, 0xc0000340f8, 0xc0000bb8e0, 0xda01a0, 0xc000456780, 0x0, 0xc000456780, 0xc000456780)
2018-09-20T12:44:58.405+0530 [DEBUG] plugin.terraform-provider-gocd: 	/home/keshav/go/src/github.com/beamly/go-gocd/gocd/genericactions.go:101 +0x382
2018-09-20T12:44:58.405+0530 [DEBUG] plugin.terraform-provider-gocd: github.com/beamly/go-gocd/gocd.(*Client).postAction(0xc00046d680, 0xf94e60, 0xc0000340f8, 0xc0000bb8e0, 0x203000, 0x203000, 0x0, 0x0, 0x0)
2018-09-20T12:44:58.405+0530 [DEBUG] plugin.terraform-provider-gocd: 	/home/keshav/go/src/github.com/beamly/go-gocd/gocd/genericactions.go:51 +0x68
2018-09-20T12:44:58.405+0530 [DEBUG] plugin.terraform-provider-gocd: github.com/beamly/go-gocd/gocd.(*PipelineTemplatesService).Create(0xc00046d748, 0xf94e60, 0xc0000340f8, 0xc000488040, 0x18, 0xc00030ced8, 0x1, 0x1, 0x70, 0xdfa740, ...)
2018-09-20T12:44:58.405+0530 [DEBUG] plugin.terraform-provider-gocd: 	/home/keshav/go/src/github.com/beamly/go-gocd/gocd/pipelinetemplate.go:83 +0x1f9
2018-09-20T12:44:58.405+0530 [DEBUG] plugin.terraform-provider-gocd: github.com/beamly/terraform-provider-gocd/gocd.resourcePipelineTemplateCreate(0xc000435500, 0xdd7d40, 0xc00046d680, 0x0, 0x0)
2018-09-20T12:44:58.405+0530 [DEBUG] plugin.terraform-provider-gocd: 	/home/keshav/go/src/github.com/beamly/terraform-provider-gocd/gocd/resource_pipeline_template.go:81 +0x237
2018-09-20T12:44:58.405+0530 [DEBUG] plugin.terraform-provider-gocd: github.com/hashicorp/terraform/helper/schema.(*Resource).Apply(0xc000434f50, 0xc0004245a0, 0xc0004157a0, 0xdd7d40, 0xc00046d680, 0x40d601, 0xc000393b80, 0x4937ec)
2018-09-20T12:44:58.406+0530 [DEBUG] plugin.terraform-provider-gocd: 	/home/keshav/go/src/github.com/hashicorp/terraform/helper/schema/resource.go:225 +0x351
2018-09-20T12:44:58.406+0530 [DEBUG] plugin.terraform-provider-gocd: github.com/hashicorp/terraform/helper/schema.(*Provider).Apply(0xc0004352d0, 0xc000424550, 0xc0004245a0, 0xc0004157a0, 0xc0002ec380, 0x18, 0x7f8f243ad6c0)
2018-09-20T12:44:58.406+0530 [DEBUG] plugin.terraform-provider-gocd: 	/home/keshav/go/src/github.com/hashicorp/terraform/helper/schema/provider.go:283 +0x9c
2018-09-20T12:44:58.406+0530 [DEBUG] plugin.terraform-provider-gocd: github.com/hashicorp/terraform/plugin.(*ResourceProviderServer).Apply(0xc0004152e0, 0xc000415380, 0xc000436cc0, 0x0, 0x0)
2018-09-20T12:44:58.406+0530 [DEBUG] plugin.terraform-provider-gocd: 	/home/keshav/go/src/github.com/hashicorp/terraform/plugin/resource_provider.go:527 +0x57
2018-09-20T12:44:58.406+0530 [DEBUG] plugin.terraform-provider-gocd: reflect.Value.call(0xc0000859e0, 0xc0003261d0, 0x13, 0xe258b0, 0x4, 0xc000393f18, 0x3, 0x3, 0xc000312340, 0x0, ...)
2018-09-20T12:44:58.406+0530 [DEBUG] plugin.terraform-provider-gocd: 	/usr/local/go/src/reflect/value.go:447 +0x449
2018-09-20T12:44:58.406+0530 [DEBUG] plugin.terraform-provider-gocd: reflect.Value.Call(0xc0000859e0, 0xc0003261d0, 0x13, 0xc00005b718, 0x3, 0x3, 0x0, 0x0, 0x0)
2018-09-20T12:44:58.406+0530 [DEBUG] plugin.terraform-provider-gocd: 	/usr/local/go/src/reflect/value.go:308 +0xa4
2018-09-20T12:44:58.406+0530 [DEBUG] plugin.terraform-provider-gocd: net/rpc.(*service).call(0xc000302980, 0xc000396280, 0xc0003222b0, 0xc0003222c0, 0xc000328080, 0xc000324d00, 0xc8ba40, 0xc000415380, 0x16, 0xc8ba80, ...)
2018-09-20T12:44:58.406+0530 [DEBUG] plugin.terraform-provider-gocd: 	/usr/local/go/src/net/rpc/server.go:384 +0x14e
2018-09-20T12:44:58.406+0530 [DEBUG] plugin.terraform-provider-gocd: created by net/rpc.(*Server).ServeCodec
2018-09-20T12:44:58.406+0530 [DEBUG] plugin.terraform-provider-gocd: 	/usr/local/go/src/net/rpc/server.go:481 +0x47e
2018/09/20 12:44:58 [TRACE] root: eval: *terraform.EvalWriteState
2018-09-20T12:44:58.407+0530 [DEBUG] plugin: plugin process exited: path=/home/keshav/.terraform.d/plugins/terraform-provider-gocd
2018/09/20 12:44:58 [TRACE] root: eval: *terraform.EvalApplyProvisioners
2018/09/20 12:44:58 [TRACE] root: eval: *terraform.EvalIf
2018/09/20 12:44:58 [TRACE] root: eval: *terraform.EvalWriteState
2018/09/20 12:44:58 [TRACE] root: eval: *terraform.EvalWriteDiff
2018/09/20 12:44:58 [TRACE] root: eval: *terraform.EvalApplyPost
2018/09/20 12:44:58 [ERROR] root: eval: *terraform.EvalApplyPost, err: 1 error(s) occurred:

* gocd_pipeline_template.terraform-builder: unexpected EOF
2018/09/20 12:44:58 [ERROR] root: eval: *terraform.EvalSequence, err: 1 error(s) occurred:

* gocd_pipeline_template.terraform-builder: unexpected EOF
2018/09/20 12:44:58 [TRACE] [walkApply] Exiting eval tree: gocd_pipeline_template.terraform-builder
2018/09/20 12:44:58 [TRACE] dag/walk: upstream errored, not walking "meta.count-boundary (count boundary fixup)"
2018/09/20 12:44:58 [TRACE] dag/walk: upstream errored, not walking "provider.gocd (close)"
2018/09/20 12:44:58 [TRACE] dag/walk: upstream errored, not walking "root"
2018/09/20 12:44:58 [TRACE] Preserving existing state lineage "980fb081-035f-180c-9987-b41550cade71"
2018/09/20 12:44:58 [TRACE] Preserving existing state lineage "980fb081-035f-180c-9987-b41550cade71"
2018/09/20 12:44:58 [TRACE] Preserving existing state lineage "980fb081-035f-180c-9987-b41550cade71"
2018/09/20 12:44:58 [TRACE] Preserving existing state lineage "980fb081-035f-180c-9987-b41550cade71"
2018/09/20 12:44:58 [DEBUG] plugin: waiting for all plugin processes to complete...
2018-09-20T12:44:58.422+0530 [WARN ] plugin: error closing client during Kill: err="connection is shut down"
